<?xml version="1.0" encoding="UTF-8"?>
<testng-results skipped="0" failed="0" ignored="0" total="1" passed="1">
  <reporter-output>
  </reporter-output>
  <suite name="Default suite" duration-ms="5417" started-at="2020-01-04T16:21:39 ART" finished-at="2020-01-04T16:21:44 ART">
    <groups>
    </groups>
    <test name="Default test" duration-ms="5417" started-at="2020-01-04T16:21:39 ART" finished-at="2020-01-04T16:21:44 ART">
      <class name="tests.AddNewCustomerTest">
        <test-method status="PASS" signature="BeforeSuite()[pri:0, instance:tests.AddNewCustomerTest@4bbfb90a]" name="BeforeSuite" is-config="true" duration-ms="6831" started-at="2020-01-04T16:21:32 ART" finished-at="2020-01-04T16:21:39 ART">
          <reporter-output>
          </reporter-output>
        </test-method> <!-- BeforeSuite -->
        <test-method status="PASS" signature="setup()[pri:0, instance:tests.AddNewCustomerTest@4bbfb90a]" name="setup" is-config="true" duration-ms="4269" started-at="2020-01-04T16:21:39 ART" finished-at="2020-01-04T16:21:43 ART">
          <reporter-output>
          </reporter-output>
        </test-method> <!-- setup -->
        <test-method status="PASS" signature="createNewCustomer()[pri:0, instance:tests.AddNewCustomerTest@4bbfb90a]" name="createNewCustomer" duration-ms="1121" started-at="2020-01-04T16:21:43 ART" finished-at="2020-01-04T16:21:44 ART">
          <reporter-output>
          </reporter-output>
        </test-method> <!-- createNewCustomer -->
      </class> <!-- tests.AddNewCustomerTest -->
    </test> <!-- Default test -->
  </suite> <!-- Default suite -->
</testng-results>
